{"contracts/Audit.sol":{"l":{"80":32,"81":31,"82":30,"83":29,"84":28,"86":27,"88":27,"97":27,"101":27,"114":7,"122":7,"136":7,"137":7,"138":7,"140":7,"141":7,"142":18,"144":7},"path":"/Users/nullfox/repos/zuul-proxy/contracts/Audit.sol","s":{"1":32,"2":31,"3":30,"4":29,"5":28,"6":27,"7":27,"8":27,"9":7,"10":7,"11":7,"12":7,"13":7,"14":7,"15":7,"16":7},"b":{"1":[32,2],"2":[31,1],"3":[30,1],"4":[29,1],"5":[28,1],"6":[27,1],"7":[7,0],"8":[3,4]},"f":{"1":17,"2":32,"3":7,"4":7,"5":7},"fnMap":{"1":{"name":"constructor","line":24,"loc":{"start":{"line":24,"column":4},"end":{"line":24,"column":39}}},"2":{"name":"logAudit","line":79,"loc":{"start":{"line":73,"column":4},"end":{"line":102,"column":4}}},"3":{"name":"getAuditEntry","line":113,"loc":{"start":{"line":113,"column":4},"end":{"line":115,"column":4}}},"4":{"name":"getAuditCount","line":121,"loc":{"start":{"line":121,"column":4},"end":{"line":123,"column":4}}},"5":{"name":"getAuditEntries","line":131,"loc":{"start":{"line":131,"column":4},"end":{"line":145,"column":4}}}},"statementMap":{"1":{"start":{"line":80,"column":8},"end":{"line":80,"column":57}},"2":{"start":{"line":81,"column":8},"end":{"line":81,"column":62}},"3":{"start":{"line":82,"column":8},"end":{"line":82,"column":57}},"4":{"start":{"line":83,"column":8},"end":{"line":83,"column":68}},"5":{"start":{"line":84,"column":8},"end":{"line":84,"column":68}},"6":{"start":{"line":86,"column":8},"end":{"line":86,"column":43}},"7":{"start":{"line":97,"column":8},"end":{"line":97,"column":29}},"8":{"start":{"line":101,"column":8},"end":{"line":101,"column":56}},"9":{"start":{"line":114,"column":8},"end":{"line":114,"column":32}},"10":{"start":{"line":122,"column":8},"end":{"line":122,"column":30}},"11":{"start":{"line":136,"column":8},"end":{"line":136,"column":64}},"12":{"start":{"line":137,"column":8},"end":{"line":137,"column":36}},"13":{"start":{"line":138,"column":8},"end":{"line":138,"column":56}},"14":{"start":{"line":140,"column":8},"end":{"line":140,"column":68}},"15":{"start":{"line":141,"column":8},"end":{"line":141,"column":5038}},"16":{"start":{"line":144,"column":8},"end":{"line":144,"column":22}}},"branchMap":{"1":{"line":79,"type":"if","locations":[{"start":{"line":79,"column":15},"end":{"line":79,"column":15}},{"start":{"line":79,"column":15},"end":{"line":79,"column":15}}]},"2":{"line":80,"type":"if","locations":[{"start":{"line":80,"column":8},"end":{"line":80,"column":8}},{"start":{"line":80,"column":8},"end":{"line":80,"column":8}}]},"3":{"line":81,"type":"if","locations":[{"start":{"line":81,"column":8},"end":{"line":81,"column":8}},{"start":{"line":81,"column":8},"end":{"line":81,"column":8}}]},"4":{"line":82,"type":"if","locations":[{"start":{"line":82,"column":8},"end":{"line":82,"column":8}},{"start":{"line":82,"column":8},"end":{"line":82,"column":8}}]},"5":{"line":83,"type":"if","locations":[{"start":{"line":83,"column":8},"end":{"line":83,"column":8}},{"start":{"line":83,"column":8},"end":{"line":83,"column":8}}]},"6":{"line":84,"type":"if","locations":[{"start":{"line":84,"column":8},"end":{"line":84,"column":8}},{"start":{"line":84,"column":8},"end":{"line":84,"column":8}}]},"7":{"line":136,"type":"if","locations":[{"start":{"line":136,"column":8},"end":{"line":136,"column":8}},{"start":{"line":136,"column":8},"end":{"line":136,"column":8}}]},"8":{"line":138,"type":"if","locations":[{"start":{"line":138,"column":8},"end":{"line":138,"column":8}},{"start":{"line":138,"column":8},"end":{"line":138,"column":8}}]}}},"contracts/placeholder.sol":{"l":{},"path":"/Users/nullfox/repos/zuul-proxy/contracts/placeholder.sol","s":{},"b":{},"f":{},"fnMap":{},"statementMap":{},"branchMap":{}},"contracts/RBAC.sol":{"l":{"54":21,"55":20,"56":20,"57":20,"66":5,"67":4,"68":4,"82":26,"83":25,"84":24,"85":24,"99":5,"100":4,"101":3,"102":3,"125":39,"128":31,"129":31,"139":4},"path":"/Users/nullfox/repos/zuul-proxy/contracts/RBAC.sol","s":{"1":21,"2":20,"3":5,"4":4,"5":26,"6":25,"7":24,"8":5,"9":4,"10":3,"11":39,"12":8,"13":31,"14":31,"15":4},"b":{"1":[21,1],"2":[20,1],"3":[5,1],"4":[4,1],"5":[26,1],"6":[25,1],"7":[24,1],"8":[5,1],"9":[4,1],"10":[3,1],"11":[8,31]},"f":{"1":29,"2":21,"3":5,"4":26,"5":5,"6":39,"7":4},"fnMap":{"1":{"name":"constructor","line":19,"loc":{"start":{"line":19,"column":4},"end":{"line":19,"column":39}}},"2":{"name":"registerAgent","line":53,"loc":{"start":{"line":53,"column":4},"end":{"line":58,"column":4}}},"3":{"name":"emergencyRevoke","line":65,"loc":{"start":{"line":65,"column":4},"end":{"line":69,"column":4}}},"4":{"name":"grantPermission","line":81,"loc":{"start":{"line":77,"column":4},"end":{"line":86,"column":4}}},"5":{"name":"revokePermission","line":98,"loc":{"start":{"line":94,"column":4},"end":{"line":103,"column":4}}},"6":{"name":"hasPermission","line":119,"loc":{"start":{"line":119,"column":4},"end":{"line":130,"column":4}}},"7":{"name":"getAgentRole","line":138,"loc":{"start":{"line":138,"column":4},"end":{"line":140,"column":4}}}},"statementMap":{"1":{"start":{"line":54,"column":8},"end":{"line":54,"column":60}},"2":{"start":{"line":57,"column":8},"end":{"line":57,"column":43}},"3":{"start":{"line":66,"column":8},"end":{"line":66,"column":60}},"4":{"start":{"line":68,"column":8},"end":{"line":68,"column":32}},"5":{"start":{"line":82,"column":8},"end":{"line":82,"column":54}},"6":{"start":{"line":83,"column":8},"end":{"line":83,"column":58}},"7":{"start":{"line":85,"column":8},"end":{"line":85,"column":52}},"8":{"start":{"line":99,"column":8},"end":{"line":99,"column":54}},"9":{"start":{"line":100,"column":8},"end":{"line":100,"column":58}},"10":{"start":{"line":102,"column":8},"end":{"line":102,"column":52}},"11":{"start":{"line":125,"column":8},"end":{"line":125,"column":45}},"12":{"start":{"line":125,"column":33},"end":{"line":125,"column":45}},"13":{"start":{"line":128,"column":8},"end":{"line":128,"column":42}},"14":{"start":{"line":129,"column":8},"end":{"line":129,"column":48}},"15":{"start":{"line":139,"column":8},"end":{"line":139,"column":54}}},"branchMap":{"1":{"line":53,"type":"if","locations":[{"start":{"line":53,"column":67},"end":{"line":53,"column":67}},{"start":{"line":53,"column":67},"end":{"line":53,"column":67}}]},"2":{"line":54,"type":"if","locations":[{"start":{"line":54,"column":8},"end":{"line":54,"column":8}},{"start":{"line":54,"column":8},"end":{"line":54,"column":8}}]},"3":{"line":65,"type":"if","locations":[{"start":{"line":65,"column":53},"end":{"line":65,"column":53}},{"start":{"line":65,"column":53},"end":{"line":65,"column":53}}]},"4":{"line":66,"type":"if","locations":[{"start":{"line":66,"column":8},"end":{"line":66,"column":8}},{"start":{"line":66,"column":8},"end":{"line":66,"column":8}}]},"5":{"line":81,"type":"if","locations":[{"start":{"line":81,"column":15},"end":{"line":81,"column":15}},{"start":{"line":81,"column":15},"end":{"line":81,"column":15}}]},"6":{"line":82,"type":"if","locations":[{"start":{"line":82,"column":8},"end":{"line":82,"column":8}},{"start":{"line":82,"column":8},"end":{"line":82,"column":8}}]},"7":{"line":83,"type":"if","locations":[{"start":{"line":83,"column":8},"end":{"line":83,"column":8}},{"start":{"line":83,"column":8},"end":{"line":83,"column":8}}]},"8":{"line":98,"type":"if","locations":[{"start":{"line":98,"column":15},"end":{"line":98,"column":15}},{"start":{"line":98,"column":15},"end":{"line":98,"column":15}}]},"9":{"line":99,"type":"if","locations":[{"start":{"line":99,"column":8},"end":{"line":99,"column":8}},{"start":{"line":99,"column":8},"end":{"line":99,"column":8}}]},"10":{"line":100,"type":"if","locations":[{"start":{"line":100,"column":8},"end":{"line":100,"column":8}},{"start":{"line":100,"column":8},"end":{"line":100,"column":8}}]},"11":{"line":125,"type":"if","locations":[{"start":{"line":125,"column":8},"end":{"line":125,"column":8}},{"start":{"line":125,"column":8},"end":{"line":125,"column":8}}]}}}}